[    0.000000] Initializing cgroup subsys cpuset
[    0.000000] Initializing cgroup subsys cpu
[    0.000000] Initializing cgroup subsys cpuacct
[    0.00000] Linux versio 4.4.0-130-eneric (buildd@lgw01-amd64-039) (gcc version 5.4.0 20160609 (Ubuntu 5.4.0-6ubuntu1~16.04.9) ) #156-Ubuntu SMP Thu Jun 14 08:53:28 UTC 2018 (Ubuntu 4.4.0-130.156-generic 4.4.134)
[    0.000000]Command line: BOOT_IMAGE=/boot/vmlinuz-4.4.0-130-generc roo=LABEL=cloudimg-rootfs ro console=tty1 console=ttyS0
[    0.000000] KERNEL supported cps:
[   0.000000]   Intel GenuineIntel
[    0.00000]   AMD AthenticAMD
[    0.000000]   Centaur CentaurHauls
[    0.000000] x86/fpu: xstate_offset[2]:  576, xstate_sizes[2]:  256
[    0.000000] x86/fpu: Supportin XSAVE feature 0x01: 'x87 floating point registers'
[    0.000000] x86/fpu: Supporting XSAVE feature 0x02: 'SSE registers'
[    0.000000] x86/fpu: Supporting XSAVE feature 0x04: 'AVX registers'
[    0.000000] x86/fpu: Enabled xstate features 0x7, context size is 832 bytes, using 'standard' format.
[    0.000000] x86/fpu: Using 'eager' FPU context swithes.
[    0.000000] e820: BIOS-provided physical RAM map:
[    0.000000] BIOS-e820: [mem 0x0000000000000000-0x000000000009fbff] usable
[    0.000000] BIOS-e820: [mem 0x000000000009fc00-0x000000000009ffff] reserved
[    0.000000] BIOS-e820: [mem 0x00000000000f0000-0x00000000000fffff] reserved
[    0.000000] BIOS-e820: [mem 0x0000000000100000-0x000000003ffeffff] usable
[    0.000000] BIOS-e82: [mem 0x000000003fff000-0x000000003fffffff] ACPI data
[    0.000000] IOS-e80: [mem 0x00000000fec00000-0x00000000fec00fff] reserved
[    0.000000] BIOS-e820: [mem 0x00000000fee00000-0x00000000fee00fff] reserved
[    0.000000] BIOS-e820: [mem 0x00000000fffc0000-0x00000000ffffffff] reserved
[    0.000000] NX (Execute Disable) protection: active
[    0.000000] SMBIOS 2.5 present.
[    0.000000] Hypervisor detected: KVM
[    0.000000] e820: last_pfn = 0x3fff0 max_arch_pfn = 0x400000000
[    0.000000] MTRR: Disabled
[    0.000000] x86/PAT: MTRRs disabled, skipping PAT initialization too.
[    0.000000] CPU MTRRs all blank - virtualized system.
[    0.000000] x86/PAT: Configuration [0-7]: WB  WT  UC- UC  WB  WT  UC- UC  
[    0.000000] found SMP MP-table at [mem 0x0009fff0-0x0009ffff] mapped at [ffff88000009fff0]
[    0.000000] Scanning 1 areas for low memory corruption
[    0.000000] RAMDISK: [mem 0x36aa4000-0x37549fff]
[    0.000000] ACPI: Early table checksum verification disabled
[    0.000000] ACPI: RSDP 0x00000000000E0000 000024 (v02 VBOX  )
[    0.000000] ACPI: XSDT 0x000000003FFF0030 00003C (v01 VBOX   VBXXSDT 00000001 ASL  0000061)
[    0.000000] ACPI: FACP 0x000000003FFF00F0 0000F4 (v04 VBOX   VBOXFACP 00000001 ASL  00000061)
[    0.000000] ACPI: DSDT 0x000000003FFF0470 0021FF (v02 VBOX   VBOXBIOS 00000002 INTL 20100528)
[    0.000000] ACPI: FACS 0000000003FFF020 000040
[    0.000000] ACPI: FACS 0x000000003FFF0200 000040
[    0.000000] ACPI: APIC 0x000000003FFF0240 00005C (v02 VBOX   VBOXAPIC 0000001 ASL 00000061)
[    0.000000] ACPI: SSDT 0x000000003FFF02A0 0001CC (v01 VBOX   VBOXCPUT 00000002 INTL 20100528)
[    0.000000] No NUMA configuration found
[    0.000000] Fking a node at [mem 0x0000000000000000-0x000000003ffffff]
[    0.000000] NODE_DATA(0 allocated [mem 0x3ffeb000-0x3ffeffff]
[    0.000000] kvm-clock: Using msrs 4b564d01 and 4b564d00
[    0.000000] kvm-clock: cpu 0, msr 0:3ffe3001, primary cpu clck
   0.000000] kvm-clock: using sched offset of 7178732762 cycles
[    0.000000] clocksource: kvm-clock: mask: 0xffffffffffffffff max_cycles: 0x1cd42e4dffb, max_idle_ns: 881590591483 ns
[    0.000000] Zone ranges:
[    0.00000]   MA     [mem 0x0000000000001000-0x0000000000ffffff]
[    0.000000]   DMA3    [mem 0x0000000001000000-0x000000003ffeffff]
[    0.000000]   Normal   empty
[    0.000000]   Device   empty
[    0.000000] Movable zone start for each node
[    0.000000] Early memory node ranges
[    0.000000]   node   0: [mem 0x0000000000001000-0x000000000009efff]
[    0.00000]   nod   0: [mem 0x00000000001100000-0x000000003ffeffff]
[    0.000000] Initme setup node 0 [mem 0x0000000000001000-0x000000003ffeffff]
[    0.000000] ACPI: PM-Timer IO Port: 0x4008
[    0.000000] IOAPIC[0]: apic_id 2, version 32, address 0xfec00000, GSI 0-23
[    0.000000] ACPI: INT_SRC_OVR (bus 0 bus_irq 0 global_irq 2 dfl dfl)
[    0.000000] ACPI: INT_SRC_OVR (bus 0 bus_irq 9 global_irq 9 low levl)
[    0.000000] Using ACPI (MADT) for SMP configuration information
[    0.000000] smpboot: Allowing 2 CPUs, 0 hotplug CPUs
[    0.000000] PM: Registered nosave memory: [mem 0x00000000-0x00000fff]
[    0.00000] PM: Registered nosave memory: [mem 0x0009f000-0x0009ffff]
[    0.000000] PM: Registered nosave memory: [mem 0x000a0000-0x000effff]
[    0.000000] PM: Registered nosave memory: [mem 0x000f0000-0x000fffff]
[    0.000000] e820: [mem 0x40000000-0xfebfffff] available for PCI devices
[    0.000000] Booting paravirtualized kernel on KVM
[    0.000000] clocksource: refined-jiffies: mask: 0xffffffff max_cycles: 0xffffffff, max_idle_ns: 7645519600211568 ns
[    0.000000] setup_percpu: NR_CPUS:512 nr_cpumask_bits:512 nr_cp_ids:2 nr_node_ids:1
[    0.00000] PERPU: Emedded 34 pages/cpu @ffff88003fc00000 s99544 r8192 d31528 u1048576
[    0.000000] PV qspinlock hash table entries: 256 (order: 0, 4096 bytes)
[    0.000000] Built 1 zonelists in Node order, mobility grouping on.  Total pages: 257912
[    0.000000] Policy zone: DMA32
[    0.000000] Kernel command line: BOOT_IMAGE=/boot/vmlinuz-4.4.0-130-generic root=LABEL=cloudimg-rootfs ro console=tty1 onsole=tyS0
[    0.000000] PID hash table enties: 4096 (order: 3, 32768 bytes)
[    0.000000] Memory: 1001612K/1048120K available (8546K kernel code, 1313K rwdata, 4000K rodata, 1516K init, 1316K bss, 6508K reserved 0K cma-reserved)
[    0.000000] SLUB: HWalign=64, Order=0-3, MinObjects=0, CPUs=2, Nodes=1
[    0.000000] Kenel/User page tables isolation: enabled
[    0.00000] Hierachical RCU implementation.
[    0.000000] 	Build-time adjustment of leaf fanoutto 64.
[    0.00000] 	RCU restricting CPUs from NR_CPUS=512 to nr_cpu_ids=2.
[    0.000000] RCU: Adjusting geometry for rcu_fanout_leaf=64, nr_cpu_ids=2
[    0.000000] NR_IRQS:33024 nr_irqs440 16
[    0.000000] Console: colour VGA+ 80x25
[    0.00000] console [tty1] nabled
[    0.000000] console [ttyS0] enabled
[    0.000000] tssc: Detected 1599.999 MHz processor
[    1.423445] Calibrating delay loop (skipped) preset value.. 3199.99 BogoMIPS (lpj=6399996)
[    1.436071] pid_max: default: 32768 minimum: 301
[    1.438130] ACPI: Core revision 20150930
[    1.448284] ACPI: 2 ACPI AML tables successfully acquired and loaded
[    1.455490] Security Framework initialized
[    1.459840] Yama: becoming mindful.
[    1.468059] AppArmor: AppArmor initialized
[    1.477917] Dentry cache hash table entries: 131072 (order: 8, 1048576 bytes)
[    1.498517] Inode-cache hash table entries: 65536 (order: 7, 524288 bytes)
[    1.516163] Mount-cache hash table entries: 2048 (order: 2, 16384 bytes)
[    1.528601] Mountpoint-cache hash table entries: 2048 (order: 2, 16384 bytes)
[    1.540961] Initializing cgroup subsys io
[    1.542777] Initializing cgroup subsys memory
[    1.547268] Initializing cgroup subsys devices
[    1.549001] Initializing cgroup subsys freezer
[    1.551921] Initializing cgroup subsys net_cls
[    1.553661] Initializing cgroup subsys perf_event
[    1.564273] Initializing cgroup subsys net_prio
[    1.576097] Initializing cgroup subsys hugetlb
[    1.580112] Initializing cgroup subsys pids
[    1.584240] CPU: Physical Processor ID: 0
[    1.592199] CPU: Processor Core ID: 0
[    1.601613] mce: CPU supports 0 MCE banks
[    1.611211] Last level iTLB entries: 4KB 64, 2MB 8, 4MB 8
[    1.617100] Last level dTLB entries: 4KB 64, 2MB 0, 4MB 0, 1GB 4
[    1.624428] Spectre V2 : Mitigation: Full generic retpoline
[    1.645159] Spectre V2 : Speculation control IBPB not-supported IBRS not-supported
[    1.649281] Speculative Store Bypass: Vulnerable
[    1.658943] Freeing SMP alternatives memory: 32K
[    1.669830] ftrace: allocating 32245 entries in 126 pages
[    1.739569] smpboot: APIC(0) Converting physical 0 to logical package 0
[    1.756406] smpboot: Max logical packages: 1
[    1.773264] x2apic enabled
[    1.779501] Switched APIC routing to physical x2apic.
[    1.789620] ..TIMER: vector=0x30 apic1=0 pin1=2 apic2=-1 pin2=-1
[    1.907533] smpboot: CPU0: Intel(R) Core(TM) i5-5250U CPU @ 1.60GHz (family: 0x6, model: 0x3d, stepping: 0x4)
[    1.921495] Performance Events: unsupported p6 CPU model 61 no PMU driver, software events only.
[    1.936999] KVM setup paravirtual spinlock
[    1.944990] x86: Booting SMP configuration:
[    1.946783] .... node  #0, CPUs:      #1
[    1.959831] kvm-clock: cpu 1, msr 0:3ffe3041, secondary cpu clock
[    1.962736] mce: CPU supports 0 MCE banks
[    1.966168] x86: Booted up 1 node, 2 CPUs
[    1.969307] smpboot: Total of 2 processors activated (6399.99 BogoMIPS)
[    1.973775] devtmpfs: initialized
[    1.980430] evm: security.selinux
[    1.987569] evm: security.SMACK64
[    1.995361] evm: security.SMACK64EXEC
[    2.004670] evm: security.SMACK64TRANSMUTE
[    2.007735] evm: security.SMACK64MMAP
[    2.009282] evm: security.ima
[    2.012147] evm: security.capability
[    2.021581] clocksource: jiffies: mask: 0xffffffff max_cycles: 0xffffffff, max_idle_ns: 7645041785100000 ns
[    2.032767] futex hash table entries: 512 (order: 3, 32768 bytes)
[    2.035679] pinctrl core: initialized pinctrl subsystem
[    2.038312] RTC time: 23:39:42, date: 07/16/18
[    2.040311] NET: Registered protocol family 16
[    2.051191] cpuidle: using governor ladder
[    2.063305] cpuidle: using governor menu
[    2.066507] PCCT header not found.
[    2.076016] ACPI: bus type PCI registered
[    2.083569] acpiphp: ACPI Hot Plug PCI Controller Driver version: 0.5
[    2.091684] PCI: Using configuration type 1 for base access
[    2.108402] ACPI: Added _OSI(Module Device)
[    2.110307] ACPI: Added _OSI(Processor Device)
[    2.112385] ACPI: Added _OSI(3.0 _SCP Extensions)
[    2.114441] ACPI: Added _OSI(Processor Aggregator Device)
[    2.123414] ACPI: Executed 1 blocks of module-level executable AML code
[    2.141829] ACPI: Interpreter enabled
[    2.145899] ACPI: (supports S0 S5)
[    2.152913] ACPI: Using IOAPIC for interrupt routing
[    2.157260] PCI: Using host bridge windows from ACPI; if necessary, use "pci=nocrs" and report a bug
[    2.179187] ACPI: PCI Root Bridge [PCI0] (domain 0000 [bus 00-ff])
[    2.224052] acpi PNP0A03:00: _OSC: OS supports [ASPM ClockPM Segments MSI]
[    2.258842] acpi PNP0A03:00: _OSC: not requesting OS control; OS requires [ExtendedConfig ASPM ClockPM MSI]
[    2.268815] acpi PNP0A03:00: fail to add MMCONFIG information, can't access extended PCI configuration space under this bridge.
[    2.282501] PCI host bridge to bus 0000:00
[    2.290329] pci_bus 0000:00: root bus resource [io  0x0000-0x0cf7 window]
[    2.293722] pci_bus 0000:00: root bus resource [io  0x0d00-0xffff window]
[    2.303846] pci_bus 0000:00: root bus resource [mem 0x000a0000-0x000bffff window]
[    2.313044] pci_bus 0000:00: root bus resource [mem 0x40000000-0xfdffffff window]
[    2.316422] pci_bus 0000:00: root bus resource [bus 00-ff]
[    2.321764] pci 0000:00:01.1: legacy IDE quirk: reg 0x10: [io  0x01f0-0x01f7]
[    2.325177] pci 0000:00:01.1: legacy IDE quirk: reg 0x14: [io  0x03f6]
[    2.334860] pci 0000:00:01.1: legacy IDE quirk: reg 0x18: [io  0x0170-0x0177]
[    2.348712] pci 0000:00:01.1: legacy IDE quirk: reg 0x1c: [io  0x0376]
[    2.388585] pci 0000:00:07.0: quirk: [io  0x4000-0x403f] claimed by PIIX4 ACPI
[    2.391497] pci 0000:00:07.0: quirk: [io  0x4100-0x410f] claimed by PIIX4 SMB
[    2.410348] ACPI: PCI Interrupt Link [LNKA] (IRQs 5 9 10 *11)
[    2.414139] ACPI: PCI Interrupt Link [LNKB] (IRQs 5 9 *10 11)
[    2.422113] ACPI: PCI Interrupt Link [LNKC] (IRQs 5 *9 10 11)
[    2.430352] ACPI: PCI Interrupt Link [LNKD] (IRQs 5 9 10 *11)
[    2.443832] ACPI: Enabled 2 GPEs in block 00 to 07
[    2.446912] vgaarb: setting as boot device: PCI:0000:00:02.0
[    2.454830] vgaarb: device added: PCI:0000:00:02.0,decodes=io+mem,owns=io+mem,locks=none
[    2.464551] vgaarb: loaded
[    2.465853] vgaarb: bridge control possible 0000:00:02.0
[    2.475940] SCSI subsystem initialized
[    2.484963] ACPI: bus type USB registered
[    2.487412] usbcore: registered new interface driver usbfs
[    2.500519] usbcore: registered new interface driver hub
[    2.511429] usbcore: registered new device driver usb
[    2.519665] PCI: Using ACPI for IRQ routing
[    2.533054] NetLabel: Initializing
[    2.537023] NetLabel:  domain hash size = 128
[    2.546997] NetLabel:  protocols = UNLABELED CIPSOv4
[    2.556566] NetLabel:  unlabeled traffic allowed by default
[    2.560555] amd_nb: Cannot enumerate AMD northbridges
[    2.562706] clocksource: Switched to clocksource kvm-clock
[    2.579497] AppArmor: AppArmor Filesystem Enabled
[    2.583707] pnp: PnPACPI init
    2.614551] pnp: PnP ACPI: ound 3 deces

[    2.731182] clocksource: acpi_pm: mask: 0xffffff max_cycles 0xfffff, max_idle_ns: 2085701024 ns
[    2.813109] NET: Registered prtocol family 2

[    2.840463] TCP established hash table entries: 8192(order: 4, 65536 byts)

[    2.895738] TCP bind hash table entries: 8192 (order: 5, 131072 bytes)
[    2.907529] TCP: Hash tables configured (established 8192 bind 8192)
[    2.910180] UDP hsh table entries: 512 (order: 2, 16384 bytes)
[    2.939068] UDPLite hashtable entries: 512 (order: 2, 16384 bytes)
[    2.991656] NET: Registered protocl family 1
[    3.019008] pci 0000:00:00.0: Limiting direct PCI/PI transfers
[    3.04636] pci 0000:00:01.0:Activatin ISA DMA hang workarounds
[    3.124445] Unpacking initramfs...

[    5.347708] Freeing initrd memory: 10904K
[    5.352800] RAPL PMU detected, API unit is 2^-32 Joules, 4 fixed counters 10737418240 ms ovfl timer
[    5.368578] hw unit of domain pp0-core 2^-0 Joules
[    5.371037] hw unit of domain package 2^-0 Joules
[    5.392594] hw unit of domain dram 2^-0 Joules
[    5.400363] hw unit of domain pp1-gpu 2^-0 Joules
[    5.40529] platfom rtc_mos: regitered platform RTC device (noPNP devie foud)
[    5.589447] Scanning for low memory corruption every 60 seconds

[    5.592809] audit: initializing netlink subsys (disabled)
[    5.595280] audit: type=2000 audit(1531784392.221:1): initialized
[    5.598913] Initialise system trusted keyring
[    5.602859] HugeTLB registered 2 MB page size, pre-allocated 0 pages
[    5.609251] zbud: loaded
[    5.611121] VFS: Disk quotas dquot_6.6.0
[    5.616942] VFS: Dquot-cache hash table entries: 512 (order 0, 4096 bytes)
[    5.625736] squashfs: version 4.0 (2009/01/31) Phillip Lougher
[    5.637784] fuse init (API version 7.23)
[    5.648206] Key type big_key registered
[    5.653523] Allocating IMA MOK and blacklist keyrings.
[    5.661877] Key type asymmetric registered
[    5.665553] Asymmetric key parser 'x509' registered
[    5.670970] Block layer SCSI generic (bsg) driver version 0.4 loaded (major 249)
[    5.694252] io scheduler noop registered
[    5.697720] io scheduler deadline registered (default)
[    5.703026] io scheduler cfq registered
[    5.706775] pci_hotplug: PCI Hot Plug PCI Core version: 0.5
[    5.713486] pciehp: PCI Express Hot Plug Controller Driver version: 0.4
[    5.719535] ACPI: AC Adapter [AC] (off-line)
[    5.723306] input: Power Button as /devices/LNXSYSTM:00/LNXPWRBN:00/input/input0
[    5.735270] ACPI: Power Button [PWRF]
[    5.73737] nput: Sleep Button as /devices/LNXSYSTM:00/LNXSLPBN:00/input/input
[   5.846308] ACPI: Sleep Button [SLPF]

[    5.877436] GHES: HEST is not enabled!
[    5.879049] ACPI: Battery Slot [BAT0] (battery present)
[    5.889676] Serial: 8250/16550 driver, 32 ports, IRQ sharing enabled
[    5.918489] 00:02: ttyS0 a I/O 0x3f8(irq = 4, base_baud = 115200) is  1550A

[    6.030579] Linux agpgart interfacev0.103

[    6.063810] loop: module loaded
[    6.066315] scsi host0: ata_piix
[    6.072972] scsi host1: ata_piix
[    6.075211] ata1: PATA max UDMA/33 cmd 0x1f0 ctl 0x3f6 bmdma 0xd000 irq 14
[    6.085770] ata2: PATA max UDMA/33 cmd 0x170 ctl 0x376 bmdma 0xd008 irq 15
[    6.089436] libphy: Fixed MDIO Bus: probed
[    6.091170] tun: Universal TUN/TAP device driver, 1.6
[    6.093032] tun: (C) 1999-2004 Max Krasnyansky <maxk@qualcomm.com>
[    6.095195] PPP generic driver version 2.4.2
[    6.096853] ehci_hcd: USB 2.0 'Enhanced' Host Controller (EHCI) Driver
[    6.098767] ehci-pci: EHCI PCI platform driver
[    6.100268] ehci-platform: EHCI generic platform driver
[    6.108146] ohci_hcd: USB 1.1 'Open' Host Controller (OHCI) Driver
[    6.123953] ohci-pci: OHCI PCI platform driver
[    6.128708] ohci-platform: OHCI generic platform driver
[    6.131443] uhci_hcd: USB Universal Host Controller Interface driver
[    6.136553] i8042: PNP: PS/2 Controller [PNP0303:PS2K,PNP0f03:PS2M] at 0x60,0x64 irq 1,12
[    6.144609] serio: i8042 KBD port at 0x60,0x64 irq 1
[    6.146671] serio: i8042 AUX port at 0x60,0x64 irq 12
[    6.156354] mousedev: PS/2 mouse device common for all mice
[    6.163920] input: AT Translated Set 2 keyboard as /devices/platform/i8042/serio0/input/input2
[    6.164419] rtc_cmos rtc_cmos: rtc core: registered rtc_cmos as rtc0
[    6.164499] rtc_cmos rtc_cmos: alarms up to one day, 114 bytes nvram
[    6.164508] i2c /dev entries driver
[    6.164579] device-mapper: uevent: version 1.0.3
[    6.164646] device-mapper: ioctl: 4.34.0-ioctl (2015-10-28) initialised: dm-devel@redhat.com
[    6.164666] ledtrig-cpu: registered to indicate activity on CPUs
[    6.165154] NET: Registered protocol family 10
[    6.165614] NET: Registered protocol family 17
[    6.165628] Key type dns_resolver registered
[    6.166075] registered taskstats version 1
[    6.166098] Loading compiled-in X.509 certificates
[    6.167308] Loaded X.509 cert 'Build time autogenerated kernel key: b3e0fe4bcd6378c38a2c0a4648abbc1fa5043a22'
[    6.167339] zswap: loaded using pool lzo/zbud
[    6.169788] Key type trusted registered
[    6.173494] Key type encrypted registered
[    6.173504] AppArmor: AppArmor sha1 policy hashing enabled
[    6.173508] ima: No TPM chip found, activating TPM-bypass!
[    6.173514] ima: Allocated hash algorithm: sha1
[    6.173534] evm: HMAC attrs: 0x1
[    6.174250]   Magic number: 10:781:706
[    6.175694] rtc_cmos rtc_cmos: setting system clock to 2018-07-16 23:39:46 UTC (1531784386)
[    6.175824] BIOS EDD facility v0.16 2004-Jun-25, 0 devices found
[    6.175825] EDD information not available.
[    6.341112] Freeing unused kernel memory: 1516K
[    6.358817] Write protecting the kernel read-only data: 14336k
[    6.369257] Freeing unused kernel memory: 1680K
[    6.371457] Freeing unused kernel memory: 96K
Loading, please wait...
starting version[    6.401148] random: systemd-udevd: uninitialized urandom read (16 bytes read, 5 bits of entropy available)
 229
[    6.402717] random: udevadm: uninitialized urandom read (16 bytes read, 5 bits of entropy available)
[    6.402755] random: udevadm: uninitialized urandom read (16 bytes read, 5 bits of entropy available)
[    6.402848] tsc: Refined TSC clocksource calibration: 1600.507 MHz
[    6.402850] clocksource: tsc: mask: 0xffffffffffffffff max_cycles: 0x171203ec427, max_idle_ns: 440795217450 ns
[    6.419460] random: udevadm: uninitialized urandom read (16 bytes read, 5 bits of entropy available)
[    6.419534] random: udevadm: uninitialized urandom read (16 bytes read, 5 bits of entropy available)
[    6.420041] random: udevadm: uninitialized urandom read (16 bytes read, 5 bits of entropy available)
[    6.420793] random: udevadm: uninitialized urandom read (16 bytes read, 5 bits of entropy available)
[    6.420898] random: udevadm: uninitialized urandom read (16 bytes read, 5 bits of entropy available)
[    6.420985] random: udevadm: uninitialized urandom read (16 bytes read, 5 bits of entropy available)
[    6.421070] random: udevadm: uninitialized urandom read (16 bytes read, 5 bits of entropy available)
[    6.588261] Fusion MPT base driver 3.04.20
[    6.596343] Copyright (c) 1999-2008 LSI Corporation
[    6.599054] e1000: Intel(R) PRO/1000 Network Driver - version 7.3.21-k8-NAPI
[    6.603785] e1000: Copyright (c) 1999-2006 Intel Corporation.
[    6.614787] Fusion MPT SPI Host driver 3.04.20
[    6.627404] AVX2 version of gcm_enc/dec engaged.
[    6.629554] AES CTR mode by8 optimization enabled
[    6.810116] input: ImExPS/2 Generic Explorer Mouse as /devices/platform/i8042/serio1/input/input4
[    7.099308] e1000 0000:00:03.0 eth0: (PCI:33MHz:32-bit) 02:c5:fa:e6:4f:6d
[    7.116773] e1000 0000:00:03.0 eth0: Intel(R) PRO/1000 Network Connection
[    7.122377] mptbase: ioc0: Initiating bringup
[    7.187345] ioc0: LSI53C1030 A0: Capabilities={Initiator}
[    7.354927] scsi host2: ioc0: LSI53C1030 A0, FwRev=00000000h, Ports=1, MaxQ=256, IRQ=20
[    7.474928] scsi 2:0:0:0: Direct-Access     VBOX     HARDDISK         1.0  PQ: 0 ANSI: 5
[    7.490593] scsi target2:0:0: Beginning Domain Validation
[    7.502647] scsi target2:0:0: Domain Validation skipping write tests
[    7.505711] scsi target2:0:0: Ending Domain Validation
[    7.522998] scsi target2:0:0: asynchronous
[    7.529156] scsi 2:0:1:0: Direct-Access     VBOX     HARDDISK         1.0  PQ: 0 ANSI: 5
[    7.533581] scsi target2:0:1: Beginning Domain Validation
[    7.539045] scsi target2:0:1: Domain Validation skipping write tests
[    7.542203] scsi target2:0:1: Ending Domain Validation
[    7.544973] scsi target2:0:1: asynchronous
[    7.571762] sd 2:0:0:0: Attached scsi generic sg0 type 0
[    7.575010] sd 2:0:0:0: [sda] 20971520 512-byte logical blocks: (10.7 GB/10.0 GiB)
[    7.579250] sd 2:0:1:0: Attached scsi generic sg1 type 0
[    7.582137] sd 2:0:0:0: [sda] Write Protect is off
[    7.584576] sd 2:0:1:0: [sdb] 20480 512-byte logical blocks: (10.5 MB/10.0 MiB)
[    7.589763] sd 2:0:0:0: [sda] Incomplete mode parameter data
[    7.593006] sd 2:0:0:0: [sda] Assuming drive cache: write through
[    7.595896] sd 2:0:1:0: [sdb] Write Protect is off
[    7.598714] sd 2:0:1:0: [sdb] Incomplete mode parameter data
[    7.601403] sd 2:0:1:0: [sdb] Assuming drive cache: write through
[    7.609404]  sda: sda1
[    7.612263] sd 2:0:0:0: [sda] Attached SCSI disk
[    7.619771] sd 2:0:1:0: [sdb] Attached SCSI disk
[    7.929150] e1000 0000:00:08.0 eth1: (PCI:33MHz:32-bit) 08:00:27:18:14:a8
[    7.932643] e1000 0000:00:08.0 eth1: Intel(R) PRO/1000 Network Connection
[    7.936854] e1000 0000:00:03.0 enp0s3: renamed from eth0
[    7.951642] e1000 0000:00:08.0 enp0s8: renamed from eth1
Begin: Loading essential drivers ... [    9.491703] md: linear personality registered for level -1
[    9.497915] md: multipath personality registered for level -4
[    9.512844] md: raid0 personality registered for level 0
[    9.519793] md: raid1 personality registered for level 1
[    9.595032] raid6: sse2x1   gen()  7559 MB/s
[    9.666771] raid6: sse2x1   xor()  5696 MB/s
[    9.738888] raid6: sse2x2   gen()  8986 MB/s
[    9.806950] raid6: sse2x2   xor()  6649 MB/s
[    9.882875] raid6: sse2x4   gen() 11708 MB/s
[    9.954938] raid6: sse2x4   xor()  7849 MB/s
[   10.030879] raid6: avx2x1   gen() 15659 MB/s
[   10.106966] raid6: avx2x2   gen() 18323 MB/s
[   10.194942] raid6: avx2x4   gen() 19317 MB/s
[   10.211519] raid6: using algorithm avx2x4 gen() 19317 MB/s
[   10.231812] raid6: using avx2x2 recovery algorithm
[   10.244258] xor: automatically using best checksumming function:
[   10.287005]    avx       : 19001.000 MB/sec
[   10.298378] async_tx: api initialized (async)
[   10.355505] md: raid6 personality registered for level 6
[   10.362602] md: raid5 personality registered for level 5
[   10.365006] md: raid4 personality registered for level 4
[   10.376520] md: raid10 personality registered for level 10
done.
Begin: Running /scripts/init-premount ... done.
Begin: Mounting root file system ... Begin: Running /scripts/local-top ... done.
Begin: Running /scripts/local-premount ... [   10.422087] Btrfs loaded
Scanning for Btrfs filesystems
done.
Warning: fsck not present, so skipping root file system
[   10.550100] EXT4-fs (sda1): mounted filesystem with ordered data mode. Opts: (null)
done.
Begin: Running /scripts/local-bottom ... done.
Begin: Running /scripts/init-bottom ... done.
[   11.018337] systemd[1]: systemd 229 running in system mode. (+PAM +AUDIT +SELINUX +IMA +APPARMOR +SMACK +SYSVINIT +UTMP +LIBCRYPTSETUP +GCRYPT +GNUTLS +ACL +XZ -LZ4 +SECCOMP +BLKID +ELFUTILS +KMOD -IDN)
[   11.048875] systemd[1]: Detected virtualization oracle.
[   11.057328] systemd[1]: Detected architecture x86-64.

Welcome to [1mUbuntu 16.04.4 LTS[0m!

[   11.092440] systemd[1]: Set hostname to <ubuntu>.
[   11.107043] systemd[1]: Initializing machine ID from random generator.
[   11.109546] systemd[1]: Installed transient /etc/machine-id file.
[   11.857215] systemd[1]: Started Forward Password Requests to Wall Directory Watch.
[[0;32m  OK  [0m] Started Forward Password Requests to Wall Directory Watch.
[   11.863980] systemd[1]: Started Trigger resolvconf update for networkd DNS.
[[0;32m  OK  [0m] Started Trigger resolvconf update for networkd DNS.
[   11.874935] systemd[1]: Listening on /dev/initctl Compatibility Named Pipe.
[[0;32m  OK  [0m] Listening on /dev/initctl Compatibility Named Pipe.
[   11.882645] systemd[1]: Listening on Device-mapper event daemon FIFOs.
[[0;32m  OK  [0m] Listening on Device-mapper event daemon FIFOs.
[   11.888450] systemd[1]: Listening on udev Control Socket.
[[0;32m  OK  [0m] Listening on udev Control Socket.
[   11.893626] systemd[1]: Created slice User and Session Slice.
[[0;32m  OK  [0m] Created slice User and Session Slice.
[   11.898856] systemd[1]: Reached target System Time Synchronized.
[[0;32m  OK  [0m] Reached target System Time Synchronized.
[   11.911029] systemd[1]: Listening on Syslog Socket.
[[0;32m  OK  [0m] Listening on Syslog Socket.
[   11.927432] systemd[1]: Set up automount Arbitrary Executable File Formats File System Automount Point.
[[0;32m  OK  [0m] Set up automount Arbitrary Executab...ats File System Automount Point.
[   11.935897] systemd[1]: Listening on Journal Socket.
[[0;32m  OK  [0m] Listening on Journal Socket.
[   11.940515] systemd[1]: Reached target User and Group Name Lookups.
[[0;32m  OK  [0m] Reached target User and Group Name Lookups.
[   11.946006] systemd[1]: Reached target Encrypted Volumes.
[[0;32m  OK  [0m] Reached target Encrypted Volumes.
[   11.951326] systemd[1]: Created slice System Slice.
[[0;32m  OK  [0m] Created slice System Slice.
[   11.971265] systemd[1]: Mounting POSIX Message Queue File System...
         Mounting POSIX Message Queue File System...
[   11.978250] systemd[1]: Starting Uncomplicated firewall...
         Starting Uncomplicated firewall...
[   11.990926] systemd[1]: Starting Set console keymap...
         Starting Set console keymap...
[   12.007567] systemd[1]: Reached target Slices.
[[0;32m  OK  [0m] Reached target Slices.
[   12.019549] systemd[1]: Mounting Debug File System...
         Mounting Debug File System...
[   12.031515] systemd[1]: Starting Load Kernel Modules...
         Startin[   12.049230] Loading iSCSI transport class v2.0-870.
g Load Kernel Mo[   12.081150] iscsi: registered transport (tcp)
dules...
[   12.088040] systemd[1]: Reached target Swap.
[[0;32m  OK  [0m] Reached target Swap.
[   12.097647] systemd[1]: Listening on Journal Socket (/dev/log).
[[0;32m  OK  [0m] Listening on Journal Socket (/dev/log).
[   12.127385] systemd[1]: Starting Remount Root and Kernel File Systems...
         Starting Remount Root and Kernel File Systems...
[   12.142836] EXT4-fs (sda1): re-mounted. Opts: (null)
[   12.146421] systemd[1]: Mounting Huge Pages File System...
         Mounting Huge Pages File System...
[   12.155656] systemd[1]: Starting Nameserver information manager...
[   12.300959] iscsi: registered traspo (ir)

         Starting Nameserver information manager...
[   12.445412] systemd[1]: Listening on udev Kernel Socket.
[[0;32m  OK  [0m] Listening on udev Kernel Socket.
[   12.451609] systemd[1]: Created slice system-serial\x2dgetty.slice.
[[0;32m  OK  [0m] Created slice system-serial\x2dgetty.slice.
[   12.457515] systemd[1]: Listening on LVM2 poll daemon socket.
[[0;32m  OK  [0m] Listening on LVM2 poll daemon socket.
[   12.463091] systemd[1]: Listening on Journal Audit Socket.
[[0;32m  OK  [0m] Listening on Journal Audit Socket.
[   12.479242] systemd[1]: Starting Journal Service...
         Starting Journal Service...
[   12.486247] systemd[1]: Listening on LVM2 metadata daemon socket.
[[0;32m  OK  [0m] Listening on LVM2 metadata daemon socket.
[   12.493165] systemd[1]: Starting Monitoring of LVM2 mirrors, snapshots etc. using dmeventd or progress polling...
         Starting Monitoring of LVM2 mirrors... dmeventd or progress polling...
[   12.505508] systemd[1]: Starting Create list of required static device nodes for the current kernel...
         Starting Create list of required st... nodes for the current kernel...
[   12.518523] systemd[1]: Mounted POSIX Message Queue File System.
[[0;32m  OK  [0m] Mounted POSIX Message Queue File System.
[   12.528012] systemd[1]: Mounted Huge Pages File System.
[[0;32m  OK  [0m] Mounted Huge Pages File System.
[   12.547220] systemd[1]: Mounted Debug File System.
[[0;32m  OK  [0m] Mounted Debug File System.
[   12.562643] systemd[1]: Started Journal Service.
[[0;32m  OK  [0m] Started Journal Service.
[[0;32m  OK  [0m] Started Uncomplicated firewall.
[[0;32m  OK  [0m] Started Set console keymap.
[[0;32m  OK  [0m] Started Load Kernel Modules.
[[0;32m  OK  [0m] Started Remount Root and Kernel File Systems.
[[0;32m  OK  [0m] Started Create list of required sta...ce nodes for the current kernel.
[[0;32m  OK  [0m] Started Nameserver information manager.
[   12.657883] random: nonblocking pool is initialized
[[0;32m  OK  [0m] Started LVM2 metadata daemon.
         Starting Create Static Device Nodes in /dev...
         Starting Load/Save Random Seed...
         Starting udev Coldplug all Devices...
         Mounting FUSE Control File System...
         Starting Apply Kernel Variables...
         Starting Flush Journal to Persistent Storage...
[[0;32m  OK  [0m] Mounted FUSE Control File System.
[[0;32m  OK  [0m] Started Create Static Device Nodes in /dev.
[[0;32m  OK  [0m] Started Monitoring of LVM2 mirrors,...ng dmeventd or progress polling.
[[0;32m  OK  [0m] Started Load/Save Random Seed.
[[0;32m  OK  [0m] Started Apply Kernel Variables.
[[0;32m  OK  [0m] Started udev Coldplug all Devices.
[[0;32m  OK  [0m] Started Flush Journal to Persistent Storage.
         Starting udev Kernel Device Manager...
[[0;32m  OK  [0m] Started udev Kernel Device Manager.
[[0;32m  OK  [0m] Reached target Local File Systems (Pre).
[[0;32m  OK  [0m] Reached target Local File Systems.
         Starting Create Volatile Files and Directories...
         Starting Initial cloud-init job (pre-networking)...
         Starting Tell Plymouth To Write Out Runtime Data...
         Starting Set console font and keymap...
         Starting Commit a transient machine-id on disk...
         Starting LSB: AppArmor initialization...
[[0;32m  OK  [0m] Started Dispatch Password Requests to Console Directory Watch.
[[0;32m  OK  [0m] Started Create Volatile Files and Directories.
[[0;32m  OK  [0m] Started Tell Plymouth To Write Out Runtime Data.
[[0;32m  OK  [0m] Started Commit a transient machine-id on disk.
[[0;32m  OK  [0m] Found device /dev/ttyS0.
         Starting Update UTMP about System Boot/Shutdown...
[[0;32m  OK  [0m] Listening on Load/Save RF Kill Switch Status /dev/rfkill Watch.
[[0;32m  OK  [0m] Started Update UTMP about System Boot/Shutdown.
[[0;32m  OK  [0m] Started LSB: AppArmor initialization.
[[0;32m  OK  [0m] Started Set console font and keymap.
[[0;32m  OK  [0m] Created slice system-getty.slice.
[   14.390574] cloud-init[482]: Cloud-init v. 18.2 running 'init-local' at Mon, 16 Jul 2018 23:39:56 +0000. Up 13.67 seconds.
[[0;32m  OK  [0m] Started Initial cloud-init job (pre-networking).
[[0;32m  OK  [0m] Reached target Network (Pre).
         Starting Raise network interfaces...
[[0;32m  OK  [0m] Started Raise network interfaces.
         Starting Initial cloud-init job (metadata service crawler)...
[[0;32m  OK  [0m] Reached target Network.
[   16.244668] cloud-init[967]: Cloud-init v. 18.2 running 'init' at Mon, 16 Jul 2018 23:39:57 +0000. Up 15.20 seconds.
[   16.261169] cloud-init[967]: ci-info: ++++++++++++++++++++++++++++++++++++++Net device info++++++++++++++++++++++++++++++++++++++
[   16.280536] cloud-init[967]: ci-info: +--------+-------+----------------------------+---------------+-------+-------------------+
[   16.294139] cloud-init[967]: ci-info: | Device |   Up  |          Address           |      Mask     | Scope |     Hw-Address    |
[   16.307379] cloud-init[967]: ci-info: +--------+-------+----------------------------+---------------+-------+-------------------+
[   16.312623] cloud-init[967]: ci-info: | enp0s3 |  True |         10.0.2.15          | 255.255.255.0 |   .   | 02:c5:fa:e6:4f:6d |
[   16.324390] cloud-init[967]: ci-info: | enp0s3 |  True | fe80::c5:faff:fee6:4f6d/64 |       .       |  link | 02:c5:fa:e6:4f:6d |
[   16.330757] cloud-init[967]: ci-info: | enp0s8 | False |             .              |       .       |   .   | 08:00:27:18:14:a8 |
[   16.331219] cloud-init[967]: ci-info: |   lo   |  True |         127.0.0.1          |   255.0.0.0   |   .   |         .         |
[   16.333841] cloud-init[967]: ci-info: |   lo   |  True |          ::1/128           |       .       |  host |         .         |
[[0;32m  OK  [0m] Started Initial cloud-init job (metadata service crawler).
[[0;32m  OK  [0m] Reached target Network is Online.
[   16.377137] cloud-init[967]: ci-info: +--------+-------+----------------------------+---------------+-------+-------------------+
[   16.377900] cloud-init[967]: ci-info: +++++++++++++++++++++++++++Route IPv4 info++++++++++++++++++++++++++++
         Starting iSCSI initiator daemon (iscsid)...
[[   16.383548] cloud-init[967]: ci-info: +-------+-------------+----------+---------------+-----------+-------+
[0;32m  OK  [0m] Reached target System Initialization.
[   16.423308] cloud-init[967]: ci-info: | Route | Destination | Gateway  |    Genmask    | Interface | Flags |
[   16.497809] cloud-init[967]: ci-info: +-------+-------------+----------+---------------+-----------+-------+
[   16.498940] [[0;32m  OK  [0m] Started Daily Cleanup of Temporary Directories.
cloud-init[967]: ci-info: |   0   |   0.0.0.0   | 10.0.2.2 |    0.0.0.0    |   enp0s3  |   UG  |
[   16.548919] cloud-init[967]: ci-info: |   1   |   10.0.2.0  | 0.0.0.0  | 255.255.255.0 |   enp0s3  |   U   |
[   16.549741] cloud-init[967]: ci-info: +-------+-------------+----------+---------------+-----------+-------+
         Starting LXD - unix socket.
[   16.550261] cloud-init[967]: Generating public/private rsa key pair.
[[   16.634860] [0;32m  OK  [0mcloud-init] [967]: Started Daily apt download activities.Your identification has been saved in /etc/ssh/ssh_host_rsa_key.

[   16.635840] cloud-init[967]: Your public key has been saved in /etc/ssh/ssh_host_rsa_key.pub.
[[0;32m  OK  [0m] Started Daily apt upgrade and clean activities.
[   16.669422] cloud-init[967]: The key fingerprint is:
[   16.693629] cloud-init[[967]: [0;32m  OK  [0mSHA256:5k/xv4An1+nBtNsyXn/k4iAOu7pWTvPwYrQVx+wbOOo root@ubuntu-xenial] 
Listening on D-Bus System Message Bus Socket.
[   16.695556] cloud-init[967]: The key's randomart image is:
[   16.765856] cloud-init[967]: +---[RSA 2048]----+
[[0;32m  OK  [0m] Listening on ACPID Listen Socket.
[   16.768024] cloud-init[967]: |                 |
[   16.794195] cloud-init[967]: |                 |
[   16.795012] cloud-init[967]: |           o     |
         Starting Socket activation for snappy daemon.
[[   16.796318] cloud-init[967]: |          . +    |
[   16.814438] cloud-init[967]: |        S .=  .  |
[0;32m  OK  [0m] Reached target Timers.
[   16.814798] cloud-init[967]: |       o* ++o+ o.|
[   16.856912] cloud-init[967]: |       =oO=.*o*o.|
[[0;32m  OK  [0m] Listening on UUID daemon activation socket.
[   16.857599] cloud-init[967]: |      . **o=.=+=+|
[   16.976940] cloud-init[967]: |     .o=Eoo  oB=+|
[   16.977796] cloud-init[967]: +----[SHA256]-----+
[[0;32m  OK  [0m] Started ACPI Events Check.
[   16.980686] cloud-init[967]: Generating public/private dsa key pair.
[   17.002556] cloud-init[967]: Your identification has been saved in /etc/ssh/ssh_host_dsa_key.
[   17.003218] cloud-init[[967]: [0;32m  OK  [0mYour public key has been saved in /etc/ssh/ssh_host_dsa_key.pub.] 
Reached target Paths.
[[   17.004675] cloud-init[967]: The key fingerprint is:
[   17.085668] cloud-init[967]: SHA256:OnP4KA2YHw/ftpU6OQ07BJ6KgCsCcauZW8Oep+UNUvk root@ubuntu-xenial
[0;32m  OK  [0m] Reached target Cloud-config availability.
[   17.088370] cloud-init[967]: The key's randomart image is:
[   17.137176] cloud-init[967]: +---[DSA 1024]----+
[   17.138096] cloud-init[967]: |                 |
[[0;32m  OK  [0m] Listening on LXD - unix socket.
[   17.141014] cloud-init[967]: |                 |
[[   17.159559] [0;32m  OK  [0mcloud-init] [967]: Listening on Socket activation for snappy daemon.|                 |

[[   17.160187] cloud-init[967]: |. .  ..          |
[   17.195436] cloud-init[967]: |.o +o. oS        |
[   17.197622] cloud-init[967]: |+.+.+.ooo  .     |
[   17.198700] cloud-init[967]: |.*=ooOEo.=o      |
[0;32m  OK  [0m] Started iSCSI initiator daemon (iscsid).
[   17.199933] cloud-init[967]: |Bo.*=o+*Oo.      |
[   17.229808] cloud-init[967]: |+.+o..o.+=       |
[   17.238169] cloud-init[967]: +----[SHA256]-----+
[   17.257714] cloud-init[967]: Generating public/private ecdsa key pair.
[   17.258946] cloud-init[967]: Your identification has been saved in /etc/ssh/ssh_host_ecdsa_key.
         Starting Login to default iSCSI targets...
[[   17.259676] cloud-init[967]: Your public key has been saved in /etc/ssh/ssh_host_ecdsa_key.pub.
[   17.325930] cloud-init[967]: The key fingerprint is:
[0;32m  OK  [0m] Reached target Sockets.
[[   17.329524] cloud-init[967]: SHA256:71ZjSOLCIQg4eShzrgs/1Rj1EHROPBc2KJ0o41eVqQQ root@ubuntu-xenial
[   17.379029] cloud-init[967]: The key's randomart image is:
[   17.383839] cloud-init[967]: +---[ECDSA 256]---+
[0;32m  OK  [0m] Reached target Basic System.
[   17.383897] cloud-init[967]: |.o   .E*o+=+     |
[   17.409798] cloud-init[967]: |O o o =+O.+.     |
[   17.410709] cloud-init[967]: |.B o + *.+       |
[   17.413438] cloud-init[967]: |  o + o + .      |
[   17.414076] cloud-init[967]: | .   B oSo .     |
[[0;32m  OK  [0m] Started FUSE filesystem for LXC.
[   17.414125] cloud-init[967]: |o   o + ... +    |
[   17.429937] cloud-init[967]: |.o .   .  .o .   |
         Starting Snappy daemon...
[   17.430517] cloud-init[967]: |. o      ..      |
[   17.450574] cloud-init[967]: |   .     ..      |
[   17.451119] cloud-init[967]: +----[SHA256]-----+
[   17.452340] cloud-init[967]: Generating public/private ed25519 key pair.
[   17.452396] cloud-init[967]: Your identification has been saved in /etc/ssh/ssh_host_ed25519_key.
         Starting Accounts Service...
[   17.452464] cloud-init[967]: Your public key has been saved in /etc/ssh/ssh_host_ed25519_key.pub.
[   17.500967] cloud-init[967]: The key fingerprint is:
[   17.503775] cloud-init[967]: SHA256:S8uOZnkAZPGXCKnYhn5eGQsjP8bUzwCw5MrHbdORMJg root@ubuntu-xenial
[[   17.523761] cloud-init[967]: The key's randomart image is:
[   17.524683] cloud-init[967]: +--[ED25519 256]--+
[0;32m  OK  [0m] Started Regular background program processing daemon.
[   17.525932] cloud-init[967]: | o. ==           |
[   17.557260] cloud-init[967]: |o .E+oo...       |
[   17.560709] cloud-init[967]: | * +o ooo        |
         Starting Pollinate to seed the pseudo random number generator...
[   17.579819]          Starting LSB: MD monitoring daemon...
         Starting Login Service...
cloud-init[967]: |=.=+o+...        |
[[0;32m  OK  [0m] Started D-Bus System Message Bus.
[   17.591021] cloud-init[967]: |oo=oo=B.S        |
[   17.604955] cloud-init[967]: | ..*.+o= o       |
[   17.616371] cloud-init[967]: |  + o  o+        |
[   17.633083] cloud-init[967]: |   .  +o.        |
[   17.642818] cloud-init[967]: |     o...        |
[   17.654539] cloud-init[967]: +----[SHA256]-----+
         Starting Apply the settings specified in cloud-config...
         Starting System Logging Service...
         Starting LXD - container startup/shutdown...
[[0;32m  OK  [0m] Started ACPI event daemon.
         Starting /etc/rc.local Compatibility...
[[0;32m  OK  [0m] Started Unattended Upgrades Shutdown.
         Starting Virtualbox guest utils...
[[0;32m  OK  [0m] Started Deferred execution scheduler.
         Starting LSB: Record successful boot for GRUB...
[[0;32m  OK  [0m] Started System Logging Service.
[[0;32m  OK  [0m] Started Snappy daemon.
[[0;32m  OK  [0m] Started /etc/rc.local Compatibility.
[[0;32m  OK  [0m] Started Login to default iSCSI targets.
[[0;32m  OK  [0m] Started LSB: MD monitoring daemon.
[[0;32m  OK  [0m] Started LXD - container startup/shutdown.
[[0;32m  OK  [0m] Started Login Service.
[[0;32m  OK  [0m] Started Pollinate to seed the pseudo random number generator.
[[0;32m  OK  [0m] Started LSB: Record successful boot for GRUB.
         Starting OpenBSD Secure Shell server...
         Starting Authenticate and Authorize Users to Run Privileged Tasks...
[[0;32m  OK  [0m] Reached target Remote File Systems (Pre).
[[0;32m  OK  [0m] Reached target Remote File Systems.
         Starting Permit User Sessions...
         Starting LSB: Set the CPU Frequency Scaling governor to "ondemand"...
         Starting LSB: daemon to balance interrupts for SMP systems...
         Starting LSB: automatic crash report generation...
         Starting Wait until snapd is fully seeded...
[[0;32m  OK  [0m] Started OpenBSD Secure Shell server.
[[0;32m  OK  [0m] Started Virtualbox guest utils.
[[0;32m  OK  [0m] Started Permit User Sessions.
[[0;32m  OK  [0m] Started Wait until snapd is fully seeded.
[[0;32m  OK  [0m] Started Authenticate and Authorize Users to Run Privileged Tasks.
[[0;32m  OK  [0m] Started Accounts Service.
[[0;32m  OK  [0m] Started LSB: Set the CPU Frequency Scaling governor to "ondemand".
         Starting Hold until boot process finishes up...
[   18.771858] cloud-init[1124]: Generating locales (this might take a while)...
         Starting Terminate Plymouth Boot Screen...
[[0;32m  OK  [0m] Started LSB: daemon to balance interrupts for SMP systems.
[[0;32m  OK  [0m] Started LSB: automatic crash report generation.
[[0;32m  OK  [0m] Started Hold until boot process finishes up.
[[0;32m  OK  [0m] Started Terminate Plymouth Boot Screen.
[[0;32m  OK  [0m] Started Getty on tty1.
         Starting Set console scheme...
[[0;32m  OK  [0m] Started Serial Getty on ttyS0.
[[0;32m  OK  [0m] Reached target Login Prompts.
[[0;32m  OK  [0m] Reached target Multi-User System.
[[0;32m  OK  [0m] Reached target Graphical Interface.
         Starting Update UTMP about System Runlevel Changes...
[[0;32m  OK  [0m] Started Set console scheme.
[[0;32m  OK  [0m] Started Update UTMP about System Runlevel Changes.
[   19.893048] cloud-init[1124]:   en_US.UTF-8... done
[   19.896364] cloud-init[1124]: Generation complete.
[   20.773944] cloud-init[1124]: Cloud-init v. 18.2 running 'modules:config' at Mon, 16 Jul 2018 23:40:00 +0000. Up 18.52 seconds.
[[0;32m  OK  [0m] Started Apply the settings specified in cloud-config.
         Starting Execute cloud user/final scripts...
ci-info: no authorized ssh keys fingerprints found for user ubuntu.
<14>Jul 16 23:40:03 ec2: 
<14>Jul 16 23:40:03 ec2: #############################################################
<14>Jul 16 23:40:03 ec2: -----BEGIN SSH HOST KEY FINGERPRINTS-----
<14>Jul 16 23:40:03 ec2: 1024 SHA256:OnP4KA2YHw/ftpU6OQ07BJ6KgCsCcauZW8Oep+UNUvk root@ubuntu-xenial (DSA)
<14>Jul 16 23:40:03 ec2: 256 SHA256:71ZjSOLCIQg4eShzrgs/1Rj1EHROPBc2KJ0o41eVqQQ root@ubuntu-xenial (ECDSA)
<14>Jul 16 23:40:03 ec2: 256 SHA256:S8uOZnkAZPGXCKnYhn5eGQsjP8bUzwCw5MrHbdORMJg root@ubuntu-xenial (ED25519)
<14>Jul 16 23:40:03 ec2: 2048 SHA256:5k/xv4An1+nBtNsyXn/k4iAOu7pWTvPwYrQVx+wbOOo root@ubuntu-xenial (RSA)
<14>Jul 16 23:40:03 ec2: -----END SSH HOST KEY FINGERPRINTS-----
<14>Jul 16 23:40:03 ec2: #############################################################
-----BEGIN SSH HOST KEY KEYS-----
ecdsa-sha2-nistp256 AAAAE2VjZHNhLXNoYTItbmlzdHAyNTYAAAAIbmlzdHAyNTYAAABBBAmz/KcgCZh34nEJUtVbKOYOn+duvIc0Q6l3ILJlSkLdA8cUjNh9Kfji+qCF0FXRLyIrU3GiyZJCoLDGnJAp9z4= root@ubuntu-xenial
ssh-ed25519 AAAAC3NzaC1lZDI1NTE5AAAAII5ydvu9t3qsm7NHfxnJUvTB4G/kg+BmAYD0sankPYHh root@ubuntu-xenial
ssh-rsa AAAAB3NzaC1yc2EAAAADAQABAAABAQDe1EacbNTPl/CdbCkIvRKTcLp0mz9GBIYBQ8ourp7pJWUCLMDlwqK4hkjl0XY30D3ARAc/ftR9a23xVob04uZcC5bNNE4JnOlLm3XfgAcmFBjYQhia5ZuCkvN1Yc6u3oy+nrLwNtzq7ZpYtuXNSdffz4bPIldl/B+jTCzybek0TFzWMTbK/F4Mb3a8+6dhjNU+FJy9Jy0jEm6VpviRGKbVkKvUWivShVlwSZGFXtytUjeQh3sf6OtzYH3eNRr06rFM5gaoI+E8EI+WAiMlLBKwxpzSxb/Q/UQJfVy5KNbEo5razLZygo246lB49NGFbfbMwgvq4wDLYsUcVmBjqUhn root@ubuntu-xenial
-----END SSH HOST KEY KEYS-----
[   21.855252] cloud-init[1323]: Cloud-init v. 18.2 running 'modules:final' at Mon, 16 Jul 2018 23:40:03 +0000. Up 21.13 seconds.
[   21.909024] [cloud-init[0;32m  OK  [0m[1323]: ] ci-info: no authorized ssh keys fingerprints found for user ubuntu.Started Execute cloud user/final scripts.

[   21.910276] cloud-init[1323]: Cloud-init v. 18.2 finished at Mon, 16 Jul 2018 23:40:04 +0000. Datasource DataSourceNoCloud [seed=/dev/sdb][dsmode=net].  Up 21.84 seconds
[[0;32m  OK  [0m] Reached target Cloud-init target.

Ubuntu 16.04.4 LTS ubuntu-xenial ttyS0

ubuntu-xenial login: 